<?xml version="1.0" encoding="UTF-8"?>
<testng-results ignored="0" total="4" passed="0" failed="4" skipped="0">
  <reporter-output>
  </reporter-output>
  <suite started-at="2026-03-23T01:55:30 IST" name="Default suite" finished-at="2026-03-23T01:55:38 IST" duration-ms="8073">
    <groups>
    </groups>
    <test started-at="2026-03-23T01:55:30 IST" name="Default test" finished-at="2026-03-23T01:55:38 IST" duration-ms="8073">
      <class name="testscripts.LoginTest">
        <test-method is-config="true" signature="browserLaunch()[pri:0, instance:testscripts.LoginTest@6f1de4c7]" started-at="2026-03-23T01:55:30 IST" name="browserLaunch" finished-at="2026-03-23T01:55:32 IST" duration-ms="2018" status="PASS">
          <reporter-output>
          </reporter-output>
        </test-method> <!-- browserLaunch -->
        <test-method signature="verifyUserLoginInvalidCredentials()[pri:0, instance:testscripts.LoginTest@6f1de4c7]" started-at="2026-03-23T01:55:32 IST" name="verifyUserLoginInvalidCredentials" finished-at="2026-03-23T01:55:32 IST" duration-ms="22" status="FAIL">
          <exception class="java.io.FileNotFoundException">
            <message>
              <![CDATA[D:\OBSQURA\Book1.xlsx (The system cannot find the path specified)]]>
            </message>
            <full-stacktrace>
              <![CDATA[java.io.FileNotFoundException: D:\OBSQURA\Book1.xlsx (The system cannot find the path specified)
at java.base/java.io.FileInputStream.open0(Native Method)
at java.base/java.io.FileInputStream.open(FileInputStream.java:213)
at java.base/java.io.FileInputStream.<init>(FileInputStream.java:152)
at java.base/java.io.FileInputStream.<init>(FileInputStream.java:106)
at utilities.ExcelUtility.readStringData(ExcelUtility.java:18)
at testscripts.LoginTest.verifyUserLoginInvalidCredentials(LoginTest.java:27)
at java.base/jdk.internal.reflect.DirectMethodHandleAccessor.invoke(DirectMethodHandleAccessor.java:103)
at java.base/java.lang.reflect.Method.invoke(Method.java:580)
at org.testng.internal.invokers.MethodInvocationHelper.invokeMethod(MethodInvocationHelper.java:141)
at org.testng.internal.invokers.TestInvoker.invokeMethod(TestInvoker.java:686)
at org.testng.internal.invokers.TestInvoker.invokeTestMethod(TestInvoker.java:230)
at org.testng.internal.invokers.MethodRunner.runInSequence(MethodRunner.java:63)
at org.testng.internal.invokers.TestInvoker$MethodInvocationAgent.invoke(TestInvoker.java:992)
at org.testng.internal.invokers.TestInvoker.invokeTestMethods(TestInvoker.java:203)
at org.testng.internal.invokers.TestMethodWorker.invokeTestMethods(TestMethodWorker.java:154)
at org.testng.internal.invokers.TestMethodWorker.run(TestMethodWorker.java:134)
at java.base/java.util.ArrayList.forEach(ArrayList.java:1596)
at org.testng.TestRunner.privateRun(TestRunner.java:739)
at org.testng.TestRunner.run(TestRunner.java:614)
at org.testng.SuiteRunner.runTest(SuiteRunner.java:421)
at org.testng.SuiteRunner.runSequentially(SuiteRunner.java:413)
at org.testng.SuiteRunner.privateRun(SuiteRunner.java:373)
at org.testng.SuiteRunner.run(SuiteRunner.java:312)
at org.testng.SuiteRunnerWorker.runSuite(SuiteRunnerWorker.java:52)
at org.testng.SuiteRunnerWorker.run(SuiteRunnerWorker.java:95)
at org.testng.TestNG.runSuitesSequentially(TestNG.java:1274)
at org.testng.TestNG.runSuitesLocally(TestNG.java:1208)
at org.testng.TestNG.runSuites(TestNG.java:1112)
at org.testng.TestNG.run(TestNG.java:1079)
at org.testng.remote.AbstractRemoteTestNG.run(AbstractRemoteTestNG.java:115)
at org.testng.remote.RemoteTestNG.initAndRun(RemoteTestNG.java:293)
at org.testng.remote.RemoteTestNG.main(RemoteTestNG.java:91)
]]>
            </full-stacktrace>
          </exception> <!-- java.io.FileNotFoundException -->
          <reporter-output>
          </reporter-output>
        </test-method> <!-- verifyUserLoginInvalidCredentials -->
        <test-method is-config="true" signature="driverQuit(org.testng.ITestResult)[pri:0, instance:testscripts.LoginTest@6f1de4c7]" started-at="2026-03-23T01:55:32 IST" name="driverQuit" finished-at="2026-03-23T01:55:33 IST" duration-ms="426" status="PASS">
          <params>
            <param index="0">
              <value>
                <![CDATA[[TestResult name=verifyUserLoginInvalidCredentials status=FAILURE method=LoginTest.verifyUserLoginInvalidCredentials()[pri:0, instance:testscripts.LoginTest@6f1de4c7] output={null}]]]>
              </value>
            </param>
          </params>
          <reporter-output>
          </reporter-output>
        </test-method> <!-- driverQuit -->
        <test-method is-config="true" signature="browserLaunch()[pri:0, instance:testscripts.LoginTest@6f1de4c7]" started-at="2026-03-23T01:55:33 IST" name="browserLaunch" finished-at="2026-03-23T01:55:34 IST" duration-ms="1578" status="PASS">
          <reporter-output>
          </reporter-output>
        </test-method> <!-- browserLaunch -->
        <test-method signature="verifyUserLoginInvalidUserNameValidPassword()[pri:0, instance:testscripts.LoginTest@6f1de4c7]" started-at="2026-03-23T01:55:34 IST" name="verifyUserLoginInvalidUserNameValidPassword" finished-at="2026-03-23T01:55:34 IST" duration-ms="2" status="FAIL">
          <exception class="java.io.FileNotFoundException">
            <message>
              <![CDATA[D:\OBSQURA\Book1.xlsx (The system cannot find the path specified)]]>
            </message>
            <full-stacktrace>
              <![CDATA[java.io.FileNotFoundException: D:\OBSQURA\Book1.xlsx (The system cannot find the path specified)
at java.base/java.io.FileInputStream.open0(Native Method)
at java.base/java.io.FileInputStream.open(FileInputStream.java:213)
at java.base/java.io.FileInputStream.<init>(FileInputStream.java:152)
at java.base/java.io.FileInputStream.<init>(FileInputStream.java:106)
at utilities.ExcelUtility.readStringData(ExcelUtility.java:18)
at testscripts.LoginTest.verifyUserLoginInvalidUserNameValidPassword(LoginTest.java:51)
at java.base/jdk.internal.reflect.DirectMethodHandleAccessor.invoke(DirectMethodHandleAccessor.java:103)
at java.base/java.lang.reflect.Method.invoke(Method.java:580)
at org.testng.internal.invokers.MethodInvocationHelper.invokeMethod(MethodInvocationHelper.java:141)
at org.testng.internal.invokers.TestInvoker.invokeMethod(TestInvoker.java:686)
at org.testng.internal.invokers.TestInvoker.invokeTestMethod(TestInvoker.java:230)
at org.testng.internal.invokers.MethodRunner.runInSequence(MethodRunner.java:63)
at org.testng.internal.invokers.TestInvoker$MethodInvocationAgent.invoke(TestInvoker.java:992)
at org.testng.internal.invokers.TestInvoker.invokeTestMethods(TestInvoker.java:203)
at org.testng.internal.invokers.TestMethodWorker.invokeTestMethods(TestMethodWorker.java:154)
at org.testng.internal.invokers.TestMethodWorker.run(TestMethodWorker.java:134)
at java.base/java.util.ArrayList.forEach(ArrayList.java:1596)
at org.testng.TestRunner.privateRun(TestRunner.java:739)
at org.testng.TestRunner.run(TestRunner.java:614)
at org.testng.SuiteRunner.runTest(SuiteRunner.java:421)
at org.testng.SuiteRunner.runSequentially(SuiteRunner.java:413)
at org.testng.SuiteRunner.privateRun(SuiteRunner.java:373)
at org.testng.SuiteRunner.run(SuiteRunner.java:312)
at org.testng.SuiteRunnerWorker.runSuite(SuiteRunnerWorker.java:52)
at org.testng.SuiteRunnerWorker.run(SuiteRunnerWorker.java:95)
at org.testng.TestNG.runSuitesSequentially(TestNG.java:1274)
at org.testng.TestNG.runSuitesLocally(TestNG.java:1208)
at org.testng.TestNG.runSuites(TestNG.java:1112)
at org.testng.TestNG.run(TestNG.java:1079)
at org.testng.remote.AbstractRemoteTestNG.run(AbstractRemoteTestNG.java:115)
at org.testng.remote.RemoteTestNG.initAndRun(RemoteTestNG.java:293)
at org.testng.remote.RemoteTestNG.main(RemoteTestNG.java:91)
]]>
            </full-stacktrace>
          </exception> <!-- java.io.FileNotFoundException -->
          <reporter-output>
          </reporter-output>
        </test-method> <!-- verifyUserLoginInvalidUserNameValidPassword -->
        <test-method is-config="true" signature="driverQuit(org.testng.ITestResult)[pri:0, instance:testscripts.LoginTest@6f1de4c7]" started-at="2026-03-23T01:55:34 IST" name="driverQuit" finished-at="2026-03-23T01:55:35 IST" duration-ms="368" status="PASS">
          <params>
            <param index="0">
              <value>
                <![CDATA[[TestResult name=verifyUserLoginInvalidUserNameValidPassword status=FAILURE method=LoginTest.verifyUserLoginInvalidUserNameValidPassword()[pri:0, instance:testscripts.LoginTest@6f1de4c7] output={null}]]]>
              </value>
            </param>
          </params>
          <reporter-output>
          </reporter-output>
        </test-method> <!-- driverQuit -->
        <test-method is-config="true" signature="browserLaunch()[pri:0, instance:testscripts.LoginTest@6f1de4c7]" started-at="2026-03-23T01:55:35 IST" name="browserLaunch" finished-at="2026-03-23T01:55:36 IST" duration-ms="1385" status="PASS">
          <reporter-output>
          </reporter-output>
        </test-method> <!-- browserLaunch -->
        <test-method signature="verifyUserLoginValidCredentials()[pri:0, instance:testscripts.LoginTest@6f1de4c7]" started-at="2026-03-23T01:55:36 IST" name="verifyUserLoginValidCredentials" finished-at="2026-03-23T01:55:36 IST" duration-ms="3" status="FAIL">
          <exception class="java.io.FileNotFoundException">
            <message>
              <![CDATA[D:\OBSQURA\Book1.xlsx (The system cannot find the path specified)]]>
            </message>
            <full-stacktrace>
              <![CDATA[java.io.FileNotFoundException: D:\OBSQURA\Book1.xlsx (The system cannot find the path specified)
at java.base/java.io.FileInputStream.open0(Native Method)
at java.base/java.io.FileInputStream.open(FileInputStream.java:213)
at java.base/java.io.FileInputStream.<init>(FileInputStream.java:152)
at java.base/java.io.FileInputStream.<init>(FileInputStream.java:106)
at utilities.ExcelUtility.readStringData(ExcelUtility.java:18)
at testscripts.LoginTest.verifyUserLoginValidCredentials(LoginTest.java:16)
at java.base/jdk.internal.reflect.DirectMethodHandleAccessor.invoke(DirectMethodHandleAccessor.java:103)
at java.base/java.lang.reflect.Method.invoke(Method.java:580)
at org.testng.internal.invokers.MethodInvocationHelper.invokeMethod(MethodInvocationHelper.java:141)
at org.testng.internal.invokers.TestInvoker.invokeMethod(TestInvoker.java:686)
at org.testng.internal.invokers.TestInvoker.invokeTestMethod(TestInvoker.java:230)
at org.testng.internal.invokers.MethodRunner.runInSequence(MethodRunner.java:63)
at org.testng.internal.invokers.TestInvoker$MethodInvocationAgent.invoke(TestInvoker.java:992)
at org.testng.internal.invokers.TestInvoker.invokeTestMethods(TestInvoker.java:203)
at org.testng.internal.invokers.TestMethodWorker.invokeTestMethods(TestMethodWorker.java:154)
at org.testng.internal.invokers.TestMethodWorker.run(TestMethodWorker.java:134)
at java.base/java.util.ArrayList.forEach(ArrayList.java:1596)
at org.testng.TestRunner.privateRun(TestRunner.java:739)
at org.testng.TestRunner.run(TestRunner.java:614)
at org.testng.SuiteRunner.runTest(SuiteRunner.java:421)
at org.testng.SuiteRunner.runSequentially(SuiteRunner.java:413)
at org.testng.SuiteRunner.privateRun(SuiteRunner.java:373)
at org.testng.SuiteRunner.run(SuiteRunner.java:312)
at org.testng.SuiteRunnerWorker.runSuite(SuiteRunnerWorker.java:52)
at org.testng.SuiteRunnerWorker.run(SuiteRunnerWorker.java:95)
at org.testng.TestNG.runSuitesSequentially(TestNG.java:1274)
at org.testng.TestNG.runSuitesLocally(TestNG.java:1208)
at org.testng.TestNG.runSuites(TestNG.java:1112)
at org.testng.TestNG.run(TestNG.java:1079)
at org.testng.remote.AbstractRemoteTestNG.run(AbstractRemoteTestNG.java:115)
at org.testng.remote.RemoteTestNG.initAndRun(RemoteTestNG.java:293)
at org.testng.remote.RemoteTestNG.main(RemoteTestNG.java:91)
]]>
            </full-stacktrace>
          </exception> <!-- java.io.FileNotFoundException -->
          <reporter-output>
          </reporter-output>
        </test-method> <!-- verifyUserLoginValidCredentials -->
        <test-method is-config="true" signature="driverQuit(org.testng.ITestResult)[pri:0, instance:testscripts.LoginTest@6f1de4c7]" started-at="2026-03-23T01:55:36 IST" name="driverQuit" finished-at="2026-03-23T01:55:36 IST" duration-ms="425" status="PASS">
          <params>
            <param index="0">
              <value>
                <![CDATA[[TestResult name=verifyUserLoginValidCredentials status=FAILURE method=LoginTest.verifyUserLoginValidCredentials()[pri:0, instance:testscripts.LoginTest@6f1de4c7] output={null}]]]>
              </value>
            </param>
          </params>
          <reporter-output>
          </reporter-output>
        </test-method> <!-- driverQuit -->
        <test-method is-config="true" signature="browserLaunch()[pri:0, instance:testscripts.LoginTest@6f1de4c7]" started-at="2026-03-23T01:55:36 IST" name="browserLaunch" finished-at="2026-03-23T01:55:38 IST" duration-ms="1421" status="PASS">
          <reporter-output>
          </reporter-output>
        </test-method> <!-- browserLaunch -->
        <test-method signature="verifyUserLoginvalidUserNameInvalidPassword()[pri:0, instance:testscripts.LoginTest@6f1de4c7]" started-at="2026-03-23T01:55:38 IST" name="verifyUserLoginvalidUserNameInvalidPassword" finished-at="2026-03-23T01:55:38 IST" duration-ms="2" status="FAIL">
          <exception class="java.io.FileNotFoundException">
            <message>
              <![CDATA[D:\OBSQURA\Book1.xlsx (The system cannot find the path specified)]]>
            </message>
            <full-stacktrace>
              <![CDATA[java.io.FileNotFoundException: D:\OBSQURA\Book1.xlsx (The system cannot find the path specified)
at java.base/java.io.FileInputStream.open0(Native Method)
at java.base/java.io.FileInputStream.open(FileInputStream.java:213)
at java.base/java.io.FileInputStream.<init>(FileInputStream.java:152)
at java.base/java.io.FileInputStream.<init>(FileInputStream.java:106)
at utilities.ExcelUtility.readStringData(ExcelUtility.java:18)
at testscripts.LoginTest.verifyUserLoginvalidUserNameInvalidPassword(LoginTest.java:39)
at java.base/jdk.internal.reflect.DirectMethodHandleAccessor.invoke(DirectMethodHandleAccessor.java:103)
at java.base/java.lang.reflect.Method.invoke(Method.java:580)
at org.testng.internal.invokers.MethodInvocationHelper.invokeMethod(MethodInvocationHelper.java:141)
at org.testng.internal.invokers.TestInvoker.invokeMethod(TestInvoker.java:686)
at org.testng.internal.invokers.TestInvoker.invokeTestMethod(TestInvoker.java:230)
at org.testng.internal.invokers.MethodRunner.runInSequence(MethodRunner.java:63)
at org.testng.internal.invokers.TestInvoker$MethodInvocationAgent.invoke(TestInvoker.java:992)
at org.testng.internal.invokers.TestInvoker.invokeTestMethods(TestInvoker.java:203)
at org.testng.internal.invokers.TestMethodWorker.invokeTestMethods(TestMethodWorker.java:154)
at org.testng.internal.invokers.TestMethodWorker.run(TestMethodWorker.java:134)
at java.base/java.util.ArrayList.forEach(ArrayList.java:1596)
at org.testng.TestRunner.privateRun(TestRunner.java:739)
at org.testng.TestRunner.run(TestRunner.java:614)
at org.testng.SuiteRunner.runTest(SuiteRunner.java:421)
at org.testng.SuiteRunner.runSequentially(SuiteRunner.java:413)
at org.testng.SuiteRunner.privateRun(SuiteRunner.java:373)
at org.testng.SuiteRunner.run(SuiteRunner.java:312)
at org.testng.SuiteRunnerWorker.runSuite(SuiteRunnerWorker.java:52)
at org.testng.SuiteRunnerWorker.run(SuiteRunnerWorker.java:95)
at org.testng.TestNG.runSuitesSequentially(TestNG.java:1274)
at org.testng.TestNG.runSuitesLocally(TestNG.java:1208)
at org.testng.TestNG.runSuites(TestNG.java:1112)
at org.testng.TestNG.run(TestNG.java:1079)
at org.testng.remote.AbstractRemoteTestNG.run(AbstractRemoteTestNG.java:115)
at org.testng.remote.RemoteTestNG.initAndRun(RemoteTestNG.java:293)
at org.testng.remote.RemoteTestNG.main(RemoteTestNG.java:91)
]]>
            </full-stacktrace>
          </exception> <!-- java.io.FileNotFoundException -->
          <reporter-output>
          </reporter-output>
        </test-method> <!-- verifyUserLoginvalidUserNameInvalidPassword -->
        <test-method is-config="true" signature="driverQuit(org.testng.ITestResult)[pri:0, instance:testscripts.LoginTest@6f1de4c7]" started-at="2026-03-23T01:55:38 IST" name="driverQuit" finished-at="2026-03-23T01:55:38 IST" duration-ms="364" status="PASS">
          <params>
            <param index="0">
              <value>
                <![CDATA[[TestResult name=verifyUserLoginvalidUserNameInvalidPassword status=FAILURE method=LoginTest.verifyUserLoginvalidUserNameInvalidPassword()[pri:0, instance:testscripts.LoginTest@6f1de4c7] output={null}]]]>
              </value>
            </param>
          </params>
          <reporter-output>
          </reporter-output>
        </test-method> <!-- driverQuit -->
      </class> <!-- testscripts.LoginTest -->
    </test> <!-- Default test -->
  </suite> <!-- Default suite -->
</testng-results>
