<?xml version="1.0" encoding="UTF-8"?>
<!-- Generated by org.testng.reporters.JUnitXMLReporter -->
<testsuite ignored="0" hostname="Alfiya" failures="4" tests="4" name="Test1" time="15.905" errors="0" timestamp="2026-03-29T22:16:40 IST">
  <testcase classname="testscripts.LoginTest" name="verifyUserLoginValidCredentials" time="0.732">
    <failure type="java.lang.NullPointerException" message="Cannot invoke &amp;quot;org.apache.poi.xssf.usermodel.XSSFSheet.getRow(int)&amp;quot; because &amp;quot;utilities.ExcelUtility.sh&amp;quot; is null">
      <![CDATA[java.lang.NullPointerException: Cannot invoke "org.apache.poi.xssf.usermodel.XSSFSheet.getRow(int)" because "utilities.ExcelUtility.sh" is null
at utilities.ExcelUtility.readStringData(ExcelUtility.java:21)
at testscripts.LoginTest.verifyUserLoginValidCredentials(LoginTest.java:17)
at java.base/java.util.concurrent.Executors$RunnableAdapter.call(Executors.java:572)
at java.base/java.util.concurrent.FutureTask.run(FutureTask.java:317)
at java.base/java.util.concurrent.ThreadPoolExecutor.runWorker(ThreadPoolExecutor.java:1144)
at java.base/java.util.concurrent.ThreadPoolExecutor$Worker.run(ThreadPoolExecutor.java:642)
at java.base/java.lang.Thread.run(Thread.java:1583)
... Removed 11 stack frames]]>
    </failure>
  </testcase> <!-- verifyUserLoginValidCredentials -->
  <testcase classname="testscripts.LoginTest" name="verifyUserLoginInvalidCredentials" time="0.065">
    <failure type="java.lang.NullPointerException" message="Cannot invoke &amp;quot;org.apache.poi.xssf.usermodel.XSSFSheet.getRow(int)&amp;quot; because &amp;quot;utilities.ExcelUtility.sh&amp;quot; is null">
      <![CDATA[java.lang.NullPointerException: Cannot invoke "org.apache.poi.xssf.usermodel.XSSFSheet.getRow(int)" because "utilities.ExcelUtility.sh" is null
at utilities.ExcelUtility.readStringData(ExcelUtility.java:21)
at testscripts.LoginTest.verifyUserLoginInvalidCredentials(LoginTest.java:31)
at java.base/java.util.concurrent.Executors$RunnableAdapter.call(Executors.java:572)
at java.base/java.util.concurrent.FutureTask.run(FutureTask.java:317)
at java.base/java.util.concurrent.ThreadPoolExecutor.runWorker(ThreadPoolExecutor.java:1144)
at java.base/java.util.concurrent.ThreadPoolExecutor$Worker.run(ThreadPoolExecutor.java:642)
at java.base/java.lang.Thread.run(Thread.java:1583)
... Removed 11 stack frames]]>
    </failure>
  </testcase> <!-- verifyUserLoginInvalidCredentials -->
  <testcase classname="testscripts.LoginTest" name="verifyUserLoginvalidUserNameInvalidPassword" time="0.047">
    <failure type="java.lang.NullPointerException" message="Cannot invoke &amp;quot;org.apache.poi.xssf.usermodel.XSSFSheet.getRow(int)&amp;quot; because &amp;quot;utilities.ExcelUtility.sh&amp;quot; is null">
      <![CDATA[java.lang.NullPointerException: Cannot invoke "org.apache.poi.xssf.usermodel.XSSFSheet.getRow(int)" because "utilities.ExcelUtility.sh" is null
at utilities.ExcelUtility.readStringData(ExcelUtility.java:21)
at testscripts.LoginTest.verifyUserLoginvalidUserNameInvalidPassword(LoginTest.java:47)
at java.base/java.util.concurrent.Executors$RunnableAdapter.call(Executors.java:572)
at java.base/java.util.concurrent.FutureTask.run(FutureTask.java:317)
at java.base/java.util.concurrent.ThreadPoolExecutor.runWorker(ThreadPoolExecutor.java:1144)
at java.base/java.util.concurrent.ThreadPoolExecutor$Worker.run(ThreadPoolExecutor.java:642)
at java.base/java.lang.Thread.run(Thread.java:1583)
... Removed 11 stack frames]]>
    </failure>
  </testcase> <!-- verifyUserLoginvalidUserNameInvalidPassword -->
  <testcase classname="testscripts.LoginTest" name="verifyUserLoginInvalidUserNameValidPassword" time="0.08">
    <failure type="java.lang.NullPointerException" message="Cannot invoke &amp;quot;org.apache.poi.xssf.usermodel.XSSFSheet.getRow(int)&amp;quot; because &amp;quot;utilities.ExcelUtility.sh&amp;quot; is null">
      <![CDATA[java.lang.NullPointerException: Cannot invoke "org.apache.poi.xssf.usermodel.XSSFSheet.getRow(int)" because "utilities.ExcelUtility.sh" is null
at utilities.ExcelUtility.readStringData(ExcelUtility.java:21)
at testscripts.LoginTest.verifyUserLoginInvalidUserNameValidPassword(LoginTest.java:59)
at java.base/java.util.concurrent.Executors$RunnableAdapter.call(Executors.java:572)
at java.base/java.util.concurrent.FutureTask.run(FutureTask.java:317)
at java.base/java.util.concurrent.ThreadPoolExecutor.runWorker(ThreadPoolExecutor.java:1144)
at java.base/java.util.concurrent.ThreadPoolExecutor$Worker.run(ThreadPoolExecutor.java:642)
at java.base/java.lang.Thread.run(Thread.java:1583)
... Removed 11 stack frames]]>
    </failure>
  </testcase> <!-- verifyUserLoginInvalidUserNameValidPassword -->
</testsuite> <!-- Test1 -->
