<?xml version="1.0" encoding="UTF-8"?>
<!-- Generated by org.testng.reporters.JUnitXMLReporter -->
<testsuite ignored="3" hostname="Alfiya" failures="1" tests="1" name="ChromeTest" time="7.099" errors="0" timestamp="2026-03-29T16:05:55 IST">
  <testcase classname="testscripts.LoginTest" name="verifyUserLoginInvalidCredentials" time="0.979">
    <failure type="java.lang.NullPointerException" message="Cannot invoke &amp;quot;org.apache.poi.xssf.usermodel.XSSFSheet.getRow(int)&amp;quot; because &amp;quot;utilities.ExcelUtility.sh&amp;quot; is null">
      <![CDATA[java.lang.NullPointerException: Cannot invoke "org.apache.poi.xssf.usermodel.XSSFSheet.getRow(int)" because "utilities.ExcelUtility.sh" is null
at utilities.ExcelUtility.readStringData(ExcelUtility.java:21)
at testscripts.LoginTest.verifyUserLoginInvalidCredentials(LoginTest.java:31)
at java.base/java.util.ArrayList.forEach(ArrayList.java:1596)
... Removed 25 stack frames]]>
    </failure>
  </testcase> <!-- verifyUserLoginInvalidCredentials -->
  <testcase classname="testscripts.LoginTest" name="verifyUserLoginvalidUserNameInvalidPassword" time="0.0">
    <ignored/>
  </testcase> <!-- verifyUserLoginvalidUserNameInvalidPassword -->
  <testcase classname="testscripts.LoginTest" name="verifyUserLoginValidCredentials" time="0.0">
    <ignored/>
  </testcase> <!-- verifyUserLoginValidCredentials -->
  <testcase classname="testscripts.LoginTest" name="verifyUserLoginInvalidUserNameValidPassword" time="0.0">
    <ignored/>
  </testcase> <!-- verifyUserLoginInvalidUserNameValidPassword -->
</testsuite> <!-- ChromeTest -->
