<?xml version="1.0" encoding="UTF-8"?>
<!-- Generated by org.testng.reporters.JUnitXMLReporter -->
<testsuite ignored="3" hostname="Alfiya" failures="0" tests="1" name="FireFox" time="0.014" errors="0" timestamp="2026-03-29T16:05:56 IST">
  <testcase classname="testscripts.LoginTest" name="verifyUserLoginInvalidCredentials" time="0.001">
    <skipped/>
  </testcase> <!-- verifyUserLoginInvalidCredentials -->
  <testcase classname="testscripts.LoginTest" name="verifyUserLoginInvalidUserNameValidPassword" time="0.0">
    <ignored/>
  </testcase> <!-- verifyUserLoginInvalidUserNameValidPassword -->
  <testcase classname="testscripts.LoginTest" name="verifyUserLoginvalidUserNameInvalidPassword" time="0.0">
    <ignored/>
  </testcase> <!-- verifyUserLoginvalidUserNameInvalidPassword -->
  <testcase classname="testscripts.LoginTest" name="verifyUserLoginValidCredentials" time="0.0">
    <ignored/>
  </testcase> <!-- verifyUserLoginValidCredentials -->
</testsuite> <!-- FireFox -->
