<?xml version="1.0" encoding="UTF-8"?>
<!-- Generated by org.testng.reporters.JUnitXMLReporter -->
<testsuite ignored="0" hostname="Alfiya" failures="1" tests="4" name="Test" time="15.329" errors="0" timestamp="2026-04-01T00:58:31 IST">
  <testcase classname="testscripts.LoginTest" name="verifyUserLoginWithValidCredentials" time="1.829"/>
  <testcase classname="testscripts.LoginTest" name="verifyUserLoginWithInvalidUserName" time="0.878"/>
  <testcase classname="testscripts.LoginTest" name="verifyUserLoginWithInvalidPassword" time="0.81"/>
  <testcase classname="testscripts.LoginTest" name="verifyUserLoginWithInvalidCredentials" time="0.0">
    <failure type="java.lang.RuntimeException" message="java.lang.NullPointerException: Cannot invoke &amp;quot;org.apache.poi.xssf.usermodel.XSSFRow.getCell(int)&amp;quot; because &amp;quot;r&amp;quot; is null">
      <![CDATA[java.lang.RuntimeException: java.lang.NullPointerException: Cannot invoke "org.apache.poi.xssf.usermodel.XSSFRow.getCell(int)" because "r" is null
at java.base/java.util.ArrayList.forEach(ArrayList.java:1596)
Caused by: java.lang.NullPointerException: Cannot invoke "org.apache.poi.xssf.usermodel.XSSFRow.getCell(int)" because "r" is null
at utilities.ExcelUtility.readStringData(ExcelUtility.java:22)
at testscripts.LoginTest.getDataFromDataProvider(LoginTest.java:76)
... 25 more
... Removed 30 stack frames]]>
    </failure>
  </testcase> <!-- verifyUserLoginWithInvalidCredentials -->
</testsuite> <!-- Test -->
