<?xml version="1.0" encoding="UTF-8"?>
<!-- Generated by org.testng.reporters.JUnitXMLReporter -->
<testsuite ignored="0" hostname="Alfiya" failures="0" tests="4" name="Test1" time="22.643" errors="0" timestamp="2026-03-30T00:59:10 IST">
  <testcase classname="testscripts.LoginTest" name="verifyUserLoginValidCredentials" time="1.749"/>
  <testcase classname="testscripts.LoginTest" name="verifyUserLoginInvalidCredentials" time="0.791"/>
  <testcase classname="testscripts.LoginTest" name="verifyUserLoginvalidUserNameInvalidPassword" time="0.533"/>
  <testcase classname="testscripts.LoginTest" name="verifyUserLoginInvalidUserNameValidPassword" time="0.71"/>
</testsuite> <!-- Test1 -->
