<?xml version="1.0" encoding="UTF-8"?>
<!-- Generated by org.testng.reporters.JUnitReportReporter -->
<testsuite hostname="Alfiya" failures="0" tests="3" name="testscripts.AdminUserTest" time="32.199" errors="0" timestamp="2026-03-30T00:03:02 IST" skipped="0">
  <testcase classname="testscripts.AdminUserTest" name="VerifyWhetherUserIsAbleToAddANewUser" time="12.708"/>
  <testcase classname="testscripts.AdminUserTest" name="VerifyWhetherUserIsAbleToSearchForAUser" time="9.231"/>
  <testcase classname="testscripts.AdminUserTest" name="VerifyWhetherUserIsAbleToResetTheData" time="10.260"/>
</testsuite> <!-- testscripts.AdminUserTest -->
